#
# There is insufficient memory for the Java Runtime Environment to continue.
# Native memory allocation (malloc) failed to allocate 1048576 bytes for AllocateHeap
# Possible reasons:
#   The system is out of physical RAM or swap space
#   The process is running with CompressedOops enabled, and the Java Heap may be blocking the growth of the native heap
# Possible solutions:
#   Reduce memory load on the system
#   Increase physical memory or swap space
#   Check if swap backing store is full
#   Decrease Java heap size (-Xmx/-Xms)
#   Decrease number of Java threads
#   Decrease Java thread stack sizes (-Xss)
#   Set larger code cache with -XX:ReservedCodeCacheSize=
#   JVM is running with Unscaled Compressed Oops mode in which the Java heap is
#     placed in the first 4GB address space. The Java Heap base address is the
#     maximum limit for the native heap growth. Please use -XX:HeapBaseMinAddress
#     to set the Java Heap base and to place the Java Heap above 4GB virtual address.
# This output file may be truncated or incomplete.
#
#  Out of Memory Error (./open/src/hotspot/share/memory/allocation.cpp:46), pid=11052, tid=2736
#
# JRE version: Java(TM) SE Runtime Environment 18.9 (11.0.11+9) (build 11.0.11+9-LTS-194)
# Java VM: Java HotSpot(TM) 64-Bit Server VM 18.9 (11.0.11+9-LTS-194, mixed mode, tiered, compressed oops, g1 gc, windows-amd64)
# No core dump will be written. Minidumps are not enabled by default on client versions of Windows
#

---------------  S U M M A R Y ------------

Command Line: -XX:TieredStopAtLevel=1 -Xverify:none -Dspring.output.ansi.enabled=always -Dcom.sun.management.jmxremote -Dspring.jmx.enabled=true -Dspring.liveBeansView.mbeanDomain -Dspring.application.admin.enabled=true -javaagent:C:\Program Files\JetBrains\IntelliJ IDEA 2020.2.2\lib\idea_rt.jar=60309:C:\Program Files\JetBrains\IntelliJ IDEA 2020.2.2\bin -Dfile.encoding=UTF-8 rs.raf.nwpDom3.NwpDom3Application

Host: Intel(R) Core(TM) i5-8300H CPU @ 2.30GHz, 8 cores, 7G,  Windows 10 , 64 bit Build 19041 (10.0.19041.1348)
Time: Sun Dec 26 00:54:37 2021 Central Europe Standard Time elapsed time: 2.350864 seconds (0d 0h 0m 2s)

---------------  T H R E A D  ---------------

Current thread (0x000001b1a427a800):  VMThread "VM Thread" [stack: 0x00000043fe600000,0x00000043fe700000] [id=2736]

Stack: [0x00000043fe600000,0x00000043fe700000]
[error occurred during error reporting (printing stack bounds), id 0xc0000005, EXCEPTION_ACCESS_VIOLATION (0xc0000005) at pc=0x000001b18da30f2d]

Native frames: (J=compiled Java code, j=interpreted, Vv=VM code, C=native code)
V  [jvm.dll+0x616f2a]
V  [jvm.dll+0x74de7f]
V  [jvm.dll+0x74f505]
V  [jvm.dll+0x74fae5]
V  [jvm.dll+0x74fa9b]
V  [jvm.dll+0x616763]
V  [jvm.dll+0x616b28]
C  [ntdll.dll+0xa20cf]
C  [ntdll.dll+0x51454]
C  [ntdll.dll+0xa0bfe]
C  0x000001b18da30f2d

VM_Operation (0x00000043ff5fa5e0): CollectForMetadataAllocation, mode: safepoint, requested by thread 0x000001b1a5771000


---------------  P R O C E S S  ---------------

Threads class SMR info:
_java_thread_list=0x000001b1a67bd0e0, length=14, elements={
0x000001b185586000, 0x000001b1a427c000, 0x000001b1a4285800, 0x000001b1a4293800,
0x000001b1a4294800, 0x000001b1a4296000, 0x000001b1a429e800, 0x000001b1a4212000,
0x000001b1a4fab000, 0x000001b1a50db000, 0x000001b1a52a6800, 0x000001b1a576e000,
0x000001b1a5771000, 0x000001b1a62ba000
}

Java Threads: ( => current thread )
  0x000001b185586000 JavaThread "main" [_thread_blocked, id=14504, stack(0x00000043fe000000,0x00000043fe100000)]
  0x000001b1a427c000 JavaThread "Reference Handler" daemon [_thread_blocked, id=13632, stack(0x00000043fe700000,0x00000043fe800000)]
  0x000001b1a4285800 JavaThread "Finalizer" daemon [_thread_blocked, id=13136, stack(0x00000043fe800000,0x00000043fe900000)]
  0x000001b1a4293800 JavaThread "Signal Dispatcher" daemon [_thread_blocked, id=10124, stack(0x00000043fe900000,0x00000043fea00000)]
  0x000001b1a4294800 JavaThread "Attach Listener" daemon [_thread_blocked, id=10156, stack(0x00000043fea00000,0x00000043feb00000)]
  0x000001b1a4296000 JavaThread "C1 CompilerThread0" daemon [_thread_blocked, id=16220, stack(0x00000043feb00000,0x00000043fec00000)]
  0x000001b1a429e800 JavaThread "Sweeper thread" daemon [_thread_blocked, id=10012, stack(0x00000043fec00000,0x00000043fed00000)]
  0x000001b1a4212000 JavaThread "Common-Cleaner" daemon [_thread_blocked, id=11352, stack(0x00000043fed00000,0x00000043fee00000)]
  0x000001b1a4fab000 JavaThread "Monitor Ctrl-Break" daemon [_thread_in_native, id=4416, stack(0x00000043fee00000,0x00000043fef00000)]
  0x000001b1a50db000 JavaThread "Service Thread" daemon [_thread_blocked, id=4444, stack(0x00000043fef00000,0x00000043ff000000)]
  0x000001b1a52a6800 JavaThread "RMI TCP Accept-0" daemon [_thread_in_native, id=1492, stack(0x00000043ff000000,0x00000043ff100000)]
  0x000001b1a576e000 JavaThread "Thread-0" [_thread_blocked, id=16232, stack(0x00000043ff400000,0x00000043ff500000)]
  0x000001b1a5771000 JavaThread "restartedMain" [_thread_blocked, id=1220, stack(0x00000043ff500000,0x00000043ff600000)]
  0x000001b1a62ba000 JavaThread "background-preinit" [_thread_blocked, id=556, stack(0x00000043ff900000,0x00000043ffa00000)]

Other Threads:
=>0x000001b1a427a800 VMThread "VM Thread" [stack: 0x00000043fe600000,0x00000043fe700000] [id=2736]
  0x000001b1a52c4000 WatcherThread [stack: 0x00000043ff100000,0x00000043ff200000] [id=15092]
  0x000001b18559a800 GCTaskThread "GC Thread#0" [stack: 0x00000043fe100000,0x00000043fe200000] [id=2424]
  0x000001b1a56c0800 GCTaskThread "GC Thread#1" [stack: 0x00000043ff200000,0x00000043ff300000] [id=15824]
  0x000001b1a556c800 GCTaskThread "GC Thread#2" [stack: 0x00000043ff300000,0x00000043ff400000] [id=14240]
  0x000001b1a6246000 GCTaskThread "GC Thread#3" [stack: 0x00000043ff600000,0x00000043ff700000] [id=3464]
  0x000001b1a6247000 GCTaskThread "GC Thread#4" [stack: 0x00000043ff700000,0x00000043ff800000] [id=12456]
  0x000001b1a6247800 GCTaskThread "GC Thread#5" [stack: 0x00000043ff800000,0x00000043ff900000] [id=2624]
  0x000001b1a6480800 GCTaskThread "GC Thread#6" [stack: 0x00000043ffa00000,0x00000043ffb00000] [id=1040]
  0x000001b1a6481000 GCTaskThread "GC Thread#7" [stack: 0x00000043ffb00000,0x00000043ffc00000] [id=12460]
  0x000001b1855cc000 ConcurrentGCThread "G1 Main Marker" [stack: 0x00000043fe200000,0x00000043fe300000] [id=11768]
  0x000001b1855ce000 ConcurrentGCThread "G1 Conc#0" [stack: 0x00000043fe300000,0x00000043fe400000] [id=13524]
  0x000001b1a6495000 ConcurrentGCThread "G1 Conc#1" [stack: 0x00000043ffc00000,0x00000043ffd00000] [id=8636]
  0x000001b18565e800 ConcurrentGCThread "G1 Refine#0" [stack: 0x00000043fe400000,0x00000043fe500000] [id=2656]
  0x000001b1a6490800 ConcurrentGCThread "G1 Refine#1" [stack: 0x00000043ffd00000,0x00000043ffe00000] [id=13208]
  0x000001b1a40c1800 ConcurrentGCThread "G1 Young RemSet Sampling" [stack: 0x00000043fe500000,0x00000043fe600000] [id=15776]

Threads with active compile tasks:

VM state:at safepoint (normal execution)

VM Mutex/Monitor currently owned by a thread:  ([mutex/lock_event])
[0x000001b185581df0] Threads_lock - owner thread: 0x000001b1a427a800
[0x000001b1855820c0] Heap_lock - owner thread: 0x000001b1a5771000

Heap address: 0x0000000082600000, size: 2010 MB, Compressed Oops mode: 32-bit
Narrow klass base: 0x0000000000000000, Narrow klass shift: 3
Compressed class space size: 1073741824 Address: 0x0000000100000000

Heap:
 garbage-first heap   total 129024K, used 11573K [0x0000000082600000, 0x0000000100000000)
  region size 1024K, 5 young (5120K), 5 survivors (5120K)
 Metaspace       used 25931K, capacity 26609K, committed 26672K, reserved 1085440K
  class space    used 3150K, capacity 3441K, committed 3456K, reserved 1048576K
Heap Regions: E=young(eden), S=young(survivor), O=old, HS=humongous(starts), HC=humongous(continues), CS=collection set, F=free, A=archive, TAMS=top-at-mark-start (previous, next)
|   0|0x0000000082600000, 0x0000000082700000, 0x0000000082700000|100%|HS|  |TAMS 0x0000000082700000, 0x0000000082700000| Complete 
|   1|0x0000000082700000, 0x0000000082800000, 0x0000000082800000|100%| O|  |TAMS 0x0000000082800000, 0x0000000082800000| Untracked 
|   2|0x0000000082800000, 0x0000000082900000, 0x0000000082900000|100%| O|  |TAMS 0x0000000082900000, 0x0000000082900000| Untracked 
|   3|0x0000000082900000, 0x0000000082a00000, 0x0000000082a00000|100%| O|  |TAMS 0x0000000082a00000, 0x0000000082a00000| Untracked 
|   4|0x0000000082a00000, 0x0000000082b00000, 0x0000000082b00000|100%| O|  |TAMS 0x0000000082a2bc00, 0x0000000082b00000| Untracked 
|   5|0x0000000082b00000, 0x0000000082c00000, 0x0000000082c00000|100%| O|  |TAMS 0x0000000082b00000, 0x0000000082c00000| Untracked 
|   6|0x0000000082c00000, 0x0000000082cffff8, 0x0000000082d00000| 99%| O|  |TAMS 0x0000000082c00000, 0x0000000082cffff8| Untracked 
|   7|0x0000000082d00000, 0x0000000082d11a00, 0x0000000082e00000|  6%| O|  |TAMS 0x0000000082d00000, 0x0000000082d11a00| Untracked 
|   8|0x0000000082e00000, 0x0000000082e00000, 0x0000000082f00000|  0%| F|  |TAMS 0x0000000082e00000, 0x0000000082e00000| Untracked 
|   9|0x0000000082f00000, 0x0000000082f00000, 0x0000000083000000|  0%| F|  |TAMS 0x0000000082f00000, 0x0000000082f00000| Untracked 
|  10|0x0000000083000000, 0x0000000083000000, 0x0000000083100000|  0%| F|  |TAMS 0x0000000083000000, 0x0000000083000000| Untracked 
|  11|0x0000000083100000, 0x0000000083100000, 0x0000000083200000|  0%| F|  |TAMS 0x0000000083100000, 0x0000000083100000| Untracked 
|  12|0x0000000083200000, 0x0000000083200000, 0x0000000083300000|  0%| F|  |TAMS 0x0000000083200000, 0x0000000083200000| Untracked 
|  13|0x0000000083300000, 0x0000000083300000, 0x0000000083400000|  0%| F|  |TAMS 0x0000000083300000, 0x0000000083300000| Untracked 
|  14|0x0000000083400000, 0x0000000083400000, 0x0000000083500000|  0%| F|  |TAMS 0x0000000083400000, 0x0000000083400000| Untracked 
|  15|0x0000000083500000, 0x0000000083500000, 0x0000000083600000|  0%| F|  |TAMS 0x0000000083500000, 0x0000000083500000| Untracked 
|  16|0x0000000083600000, 0x0000000083600000, 0x0000000083700000|  0%| F|  |TAMS 0x0000000083600000, 0x0000000083600000| Untracked 
|  17|0x0000000083700000, 0x0000000083700000, 0x0000000083800000|  0%| F|  |TAMS 0x0000000083700000, 0x0000000083700000| Untracked 
|  18|0x0000000083800000, 0x0000000083800000, 0x0000000083900000|  0%| F|  |TAMS 0x0000000083800000, 0x0000000083800000| Untracked 
|  19|0x0000000083900000, 0x0000000083900000, 0x0000000083a00000|  0%| F|  |TAMS 0x0000000083900000, 0x0000000083900000| Untracked 
|  20|0x0000000083a00000, 0x0000000083a00000, 0x0000000083b00000|  0%| F|  |TAMS 0x0000000083a00000, 0x0000000083a00000| Untracked 
|  21|0x0000000083b00000, 0x0000000083b00000, 0x0000000083c00000|  0%| F|  |TAMS 0x0000000083b00000, 0x0000000083b00000| Untracked 
|  22|0x0000000083c00000, 0x0000000083c00000, 0x0000000083d00000|  0%| F|  |TAMS 0x0000000083c00000, 0x0000000083c00000| Untracked 
|  23|0x0000000083d00000, 0x0000000083d00000, 0x0000000083e00000|  0%| F|  |TAMS 0x0000000083d00000, 0x0000000083d00000| Untracked 
|  24|0x0000000083e00000, 0x0000000083e00000, 0x0000000083f00000|  0%| F|  |TAMS 0x0000000083e00000, 0x0000000083e00000| Untracked 
|  25|0x0000000083f00000, 0x0000000083f00000, 0x0000000084000000|  0%| F|  |TAMS 0x0000000083f00000, 0x0000000083f00000| Untracked 
|  26|0x0000000084000000, 0x0000000084000000, 0x0000000084100000|  0%| F|  |TAMS 0x0000000084000000, 0x0000000084000000| Untracked 
|  27|0x0000000084100000, 0x0000000084100000, 0x0000000084200000|  0%| F|  |TAMS 0x0000000084100000, 0x0000000084100000| Untracked 
|  28|0x0000000084200000, 0x0000000084200000, 0x0000000084300000|  0%| F|  |TAMS 0x0000000084200000, 0x0000000084200000| Untracked 
|  29|0x0000000084300000, 0x0000000084300000, 0x0000000084400000|  0%| F|  |TAMS 0x0000000084300000, 0x0000000084300000| Untracked 
|  30|0x0000000084400000, 0x0000000084400000, 0x0000000084500000|  0%| F|  |TAMS 0x0000000084400000, 0x0000000084400000| Untracked 
|  31|0x0000000084500000, 0x0000000084500000, 0x0000000084600000|  0%| F|  |TAMS 0x0000000084500000, 0x0000000084500000| Untracked 
|  32|0x0000000084600000, 0x0000000084600000, 0x0000000084700000|  0%| F|  |TAMS 0x0000000084600000, 0x0000000084600000| Untracked 
|  33|0x0000000084700000, 0x0000000084700000, 0x0000000084800000|  0%| F|  |TAMS 0x0000000084700000, 0x0000000084700000| Untracked 
|  34|0x0000000084800000, 0x0000000084800000, 0x0000000084900000|  0%| F|  |TAMS 0x0000000084800000, 0x0000000084800000| Untracked 
|  35|0x0000000084900000, 0x0000000084900000, 0x0000000084a00000|  0%| F|  |TAMS 0x0000000084900000, 0x0000000084900000| Untracked 
|  36|0x0000000084a00000, 0x0000000084a00000, 0x0000000084b00000|  0%| F|  |TAMS 0x0000000084a00000, 0x0000000084a00000| Untracked 
|  37|0x0000000084b00000, 0x0000000084b00000, 0x0000000084c00000|  0%| F|  |TAMS 0x0000000084b00000, 0x0000000084b00000| Untracked 
|  38|0x0000000084c00000, 0x0000000084c00000, 0x0000000084d00000|  0%| F|  |TAMS 0x0000000084c00000, 0x0000000084c00000| Untracked 
|  39|0x0000000084d00000, 0x0000000084d00000, 0x0000000084e00000|  0%| F|  |TAMS 0x0000000084d00000, 0x0000000084d00000| Untracked 
|  40|0x0000000084e00000, 0x0000000084e00000, 0x0000000084f00000|  0%| F|  |TAMS 0x0000000084e00000, 0x0000000084e00000| Untracked 
|  41|0x0000000084f00000, 0x0000000084f00000, 0x0000000085000000|  0%| F|  |TAMS 0x0000000084f00000, 0x0000000084f00000| Untracked 
|  42|0x0000000085000000, 0x0000000085000000, 0x0000000085100000|  0%| F|  |TAMS 0x0000000085000000, 0x0000000085000000| Untracked 
|  43|0x0000000085100000, 0x0000000085100000, 0x0000000085200000|  0%| F|  |TAMS 0x0000000085100000, 0x0000000085100000| Untracked 
|  44|0x0000000085200000, 0x0000000085200000, 0x0000000085300000|  0%| F|  |TAMS 0x0000000085200000, 0x0000000085200000| Untracked 
|  45|0x0000000085300000, 0x0000000085300000, 0x0000000085400000|  0%| F|  |TAMS 0x0000000085300000, 0x0000000085300000| Untracked 
|  46|0x0000000085400000, 0x0000000085400000, 0x0000000085500000|  0%| F|  |TAMS 0x0000000085400000, 0x0000000085400000| Untracked 
|  47|0x0000000085500000, 0x0000000085500000, 0x0000000085600000|  0%| F|  |TAMS 0x0000000085500000, 0x0000000085500000| Untracked 
|  48|0x0000000085600000, 0x0000000085600000, 0x0000000085700000|  0%| F|  |TAMS 0x0000000085600000, 0x0000000085600000| Untracked 
|  49|0x0000000085700000, 0x0000000085700000, 0x0000000085800000|  0%| F|  |TAMS 0x0000000085700000, 0x0000000085700000| Untracked 
|  50|0x0000000085800000, 0x0000000085800000, 0x0000000085900000|  0%| F|  |TAMS 0x0000000085800000, 0x0000000085800000| Untracked 
|  51|0x0000000085900000, 0x0000000085900000, 0x0000000085a00000|  0%| F|  |TAMS 0x0000000085900000, 0x0000000085900000| Untracked 
|  52|0x0000000085a00000, 0x0000000085a00000, 0x0000000085b00000|  0%| F|  |TAMS 0x0000000085a00000, 0x0000000085a00000| Untracked 
|  53|0x0000000085b00000, 0x0000000085b00000, 0x0000000085c00000|  0%| F|  |TAMS 0x0000000085b00000, 0x0000000085b00000| Untracked 
|  54|0x0000000085c00000, 0x0000000085c00000, 0x0000000085d00000|  0%| F|  |TAMS 0x0000000085c00000, 0x0000000085c00000| Untracked 
|  55|0x0000000085d00000, 0x0000000085d00000, 0x0000000085e00000|  0%| F|  |TAMS 0x0000000085d00000, 0x0000000085d00000| Untracked 
|  56|0x0000000085e00000, 0x0000000085e00000, 0x0000000085f00000|  0%| F|  |TAMS 0x0000000085e00000, 0x0000000085e00000| Untracked 
|  57|0x0000000085f00000, 0x0000000085f00000, 0x0000000086000000|  0%| F|  |TAMS 0x0000000085f00000, 0x0000000085f00000| Untracked 
|  58|0x0000000086000000, 0x0000000086000000, 0x0000000086100000|  0%| F|  |TAMS 0x0000000086000000, 0x0000000086000000| Untracked 
|  59|0x0000000086100000, 0x0000000086100000, 0x0000000086200000|  0%| F|  |TAMS 0x0000000086100000, 0x0000000086100000| Untracked 
|  60|0x0000000086200000, 0x0000000086200000, 0x0000000086300000|  0%| F|  |TAMS 0x0000000086200000, 0x0000000086200000| Untracked 
|  61|0x0000000086300000, 0x0000000086300000, 0x0000000086400000|  0%| F|  |TAMS 0x0000000086300000, 0x0000000086300000| Untracked 
|  62|0x0000000086400000, 0x0000000086400000, 0x0000000086500000|  0%| F|  |TAMS 0x0000000086400000, 0x0000000086400000| Untracked 
|  63|0x0000000086500000, 0x0000000086500000, 0x0000000086600000|  0%| F|  |TAMS 0x0000000086500000, 0x0000000086500000| Untracked 
|  64|0x0000000086600000, 0x0000000086600000, 0x0000000086700000|  0%| F|  |TAMS 0x0000000086600000, 0x0000000086600000| Untracked 
|  65|0x0000000086700000, 0x0000000086700000, 0x0000000086800000|  0%| F|  |TAMS 0x0000000086700000, 0x0000000086700000| Untracked 
|  66|0x0000000086800000, 0x0000000086800000, 0x0000000086900000|  0%| F|  |TAMS 0x0000000086800000, 0x0000000086800000| Untracked 
|  67|0x0000000086900000, 0x0000000086900000, 0x0000000086a00000|  0%| F|  |TAMS 0x0000000086900000, 0x0000000086900000| Untracked 
|  68|0x0000000086a00000, 0x0000000086a00000, 0x0000000086b00000|  0%| F|  |TAMS 0x0000000086a00000, 0x0000000086a00000| Untracked 
|  69|0x0000000086b00000, 0x0000000086b00000, 0x0000000086c00000|  0%| F|  |TAMS 0x0000000086b00000, 0x0000000086b00000| Untracked 
|  70|0x0000000086c00000, 0x0000000086c00000, 0x0000000086d00000|  0%| F|  |TAMS 0x0000000086c00000, 0x0000000086c00000| Untracked 
|  71|0x0000000086d00000, 0x0000000086d00000, 0x0000000086e00000|  0%| F|  |TAMS 0x0000000086d00000, 0x0000000086d00000| Untracked 
|  72|0x0000000086e00000, 0x0000000086e00000, 0x0000000086f00000|  0%| F|  |TAMS 0x0000000086e00000, 0x0000000086e00000| Untracked 
|  73|0x0000000086f00000, 0x0000000086f00000, 0x0000000087000000|  0%| F|  |TAMS 0x0000000086f00000, 0x0000000086f00000| Untracked 
|  74|0x0000000087000000, 0x0000000087000000, 0x0000000087100000|  0%| F|  |TAMS 0x0000000087000000, 0x0000000087000000| Untracked 
|  75|0x0000000087100000, 0x0000000087100000, 0x0000000087200000|  0%| F|  |TAMS 0x0000000087100000, 0x0000000087100000| Untracked 
|  76|0x0000000087200000, 0x0000000087200000, 0x0000000087300000|  0%| F|  |TAMS 0x0000000087200000, 0x0000000087200000| Untracked 
|  77|0x0000000087300000, 0x0000000087300000, 0x0000000087400000|  0%| F|  |TAMS 0x0000000087300000, 0x0000000087300000| Untracked 
|  78|0x0000000087400000, 0x0000000087400000, 0x0000000087500000|  0%| F|  |TAMS 0x0000000087400000, 0x0000000087400000| Untracked 
|  79|0x0000000087500000, 0x0000000087500000, 0x0000000087600000|  0%| F|  |TAMS 0x0000000087500000, 0x0000000087500000| Untracked 
|  80|0x0000000087600000, 0x0000000087600000, 0x0000000087700000|  0%| F|  |TAMS 0x0000000087600000, 0x0000000087600000| Untracked 
|  81|0x0000000087700000, 0x0000000087700000, 0x0000000087800000|  0%| F|  |TAMS 0x0000000087700000, 0x0000000087700000| Untracked 
|  82|0x0000000087800000, 0x0000000087800000, 0x0000000087900000|  0%| F|  |TAMS 0x0000000087800000, 0x0000000087800000| Untracked 
|  83|0x0000000087900000, 0x0000000087900000, 0x0000000087a00000|  0%| F|  |TAMS 0x0000000087900000, 0x0000000087900000| Untracked 
|  84|0x0000000087a00000, 0x0000000087a00000, 0x0000000087b00000|  0%| F|  |TAMS 0x0000000087a00000, 0x0000000087a00000| Untracked 
|  85|0x0000000087b00000, 0x0000000087b00000, 0x0000000087c00000|  0%| F|  |TAMS 0x0000000087b00000, 0x0000000087b00000| Untracked 
|  86|0x0000000087c00000, 0x0000000087c00000, 0x0000000087d00000|  0%| F|  |TAMS 0x0000000087c00000, 0x0000000087c00000| Untracked 
|  87|0x0000000087d00000, 0x0000000087d00000, 0x0000000087e00000|  0%| F|  |TAMS 0x0000000087d00000, 0x0000000087d00000| Untracked 
|  88|0x0000000087e00000, 0x0000000087e00000, 0x0000000087f00000|  0%| F|  |TAMS 0x0000000087e00000, 0x0000000087e00000| Untracked 
|  89|0x0000000087f00000, 0x0000000087f3bc58, 0x0000000088000000| 23%| S|CS|TAMS 0x0000000087f00000, 0x0000000087f00000| Complete 
|  90|0x0000000088000000, 0x0000000088100000, 0x0000000088100000|100%| S|CS|TAMS 0x0000000088000000, 0x0000000088000000| Complete 
|  91|0x0000000088100000, 0x0000000088200000, 0x0000000088200000|100%| S|CS|TAMS 0x0000000088100000, 0x0000000088100000| Complete 
|  92|0x0000000088200000, 0x0000000088300000, 0x0000000088300000|100%| S|CS|TAMS 0x0000000088200000, 0x0000000088200000| Complete 
|  93|0x0000000088300000, 0x0000000088400000, 0x0000000088400000|100%| S|CS|TAMS 0x0000000088300000, 0x0000000088300000| Complete 
|  94|0x0000000088400000, 0x0000000088400000, 0x0000000088500000|  0%| F|  |TAMS 0x0000000088400000, 0x0000000088400000| Untracked 
|  95|0x0000000088500000, 0x0000000088500000, 0x0000000088600000|  0%| F|  |TAMS 0x0000000088500000, 0x0000000088500000| Untracked 
|  96|0x0000000088600000, 0x0000000088600000, 0x0000000088700000|  0%| F|  |TAMS 0x0000000088600000, 0x0000000088600000| Untracked 
|  97|0x0000000088700000, 0x0000000088700000, 0x0000000088800000|  0%| F|  |TAMS 0x0000000088700000, 0x0000000088700000| Untracked 
|  98|0x0000000088800000, 0x0000000088800000, 0x0000000088900000|  0%| F|  |TAMS 0x0000000088800000, 0x0000000088800000| Untracked 
|  99|0x0000000088900000, 0x0000000088900000, 0x0000000088a00000|  0%| F|  |TAMS 0x0000000088900000, 0x0000000088900000| Untracked 
| 100|0x0000000088a00000, 0x0000000088a00000, 0x0000000088b00000|  0%| F|  |TAMS 0x0000000088a00000, 0x0000000088a00000| Untracked 
| 101|0x0000000088b00000, 0x0000000088b00000, 0x0000000088c00000|  0%| F|  |TAMS 0x0000000088b00000, 0x0000000088b00000| Untracked 
| 102|0x0000000088c00000, 0x0000000088c00000, 0x0000000088d00000|  0%| F|  |TAMS 0x0000000088c00000, 0x0000000088c00000| Untracked 
| 103|0x0000000088d00000, 0x0000000088d00000, 0x0000000088e00000|  0%| F|  |TAMS 0x0000000088d00000, 0x0000000088d00000| Untracked 
| 104|0x0000000088e00000, 0x0000000088e00000, 0x0000000088f00000|  0%| F|  |TAMS 0x0000000088e00000, 0x0000000088e00000| Untracked 
| 105|0x0000000088f00000, 0x0000000088f00000, 0x0000000089000000|  0%| F|  |TAMS 0x0000000088f00000, 0x0000000088f00000| Untracked 
| 106|0x0000000089000000, 0x0000000089000000, 0x0000000089100000|  0%| F|  |TAMS 0x0000000089000000, 0x0000000089000000| Untracked 
| 107|0x0000000089100000, 0x0000000089100000, 0x0000000089200000|  0%| F|  |TAMS 0x0000000089100000, 0x0000000089100000| Untracked 
| 108|0x0000000089200000, 0x0000000089200000, 0x0000000089300000|  0%| F|  |TAMS 0x0000000089200000, 0x0000000089200000| Untracked 
| 109|0x0000000089300000, 0x0000000089300000, 0x0000000089400000|  0%| F|  |TAMS 0x0000000089300000, 0x0000000089300000| Untracked 
| 110|0x0000000089400000, 0x0000000089400000, 0x0000000089500000|  0%| F|  |TAMS 0x0000000089400000, 0x0000000089400000| Untracked 
| 111|0x0000000089500000, 0x0000000089500000, 0x0000000089600000|  0%| F|  |TAMS 0x0000000089500000, 0x0000000089500000| Untracked 
| 112|0x0000000089600000, 0x0000000089600000, 0x0000000089700000|  0%| F|  |TAMS 0x0000000089600000, 0x0000000089600000| Untracked 
| 113|0x0000000089700000, 0x0000000089700000, 0x0000000089800000|  0%| F|  |TAMS 0x0000000089700000, 0x0000000089700000| Untracked 
| 114|0x0000000089800000, 0x0000000089800000, 0x0000000089900000|  0%| F|  |TAMS 0x0000000089800000, 0x0000000089800000| Untracked 
| 115|0x0000000089900000, 0x0000000089900000, 0x0000000089a00000|  0%| F|  |TAMS 0x0000000089900000, 0x0000000089900000| Untracked 
| 116|0x0000000089a00000, 0x0000000089a00000, 0x0000000089b00000|  0%| F|  |TAMS 0x0000000089a00000, 0x0000000089a00000| Untracked 
| 117|0x0000000089b00000, 0x0000000089b00000, 0x0000000089c00000|  0%| F|  |TAMS 0x0000000089b00000, 0x0000000089b00000| Untracked 
| 118|0x0000000089c00000, 0x0000000089c00000, 0x0000000089d00000|  0%| F|  |TAMS 0x0000000089c00000, 0x0000000089c00000| Untracked 
| 119|0x0000000089d00000, 0x0000000089d00000, 0x0000000089e00000|  0%| F|  |TAMS 0x0000000089d00000, 0x0000000089d00000| Untracked 
| 120|0x0000000089e00000, 0x0000000089e00000, 0x0000000089f00000|  0%| F|  |TAMS 0x0000000089e00000, 0x0000000089e00000| Untracked 
| 121|0x0000000089f00000, 0x0000000089f00000, 0x000000008a000000|  0%| F|  |TAMS 0x0000000089f00000, 0x0000000089f00000| Untracked 
| 122|0x000000008a000000, 0x000000008a000000, 0x000000008a100000|  0%| F|  |TAMS 0x000000008a000000, 0x000000008a000000| Untracked 
| 123|0x000000008a100000, 0x000000008a100000, 0x000000008a200000|  0%| F|  |TAMS 0x000000008a100000, 0x000000008a100000| Untracked 
| 124|0x000000008a200000, 0x000000008a200000, 0x000000008a300000|  0%| F|  |TAMS 0x000000008a200000, 0x000000008a200000| Untracked 
| 125|0x000000008a300000, 0x000000008a300000, 0x000000008a400000|  0%| F|  |TAMS 0x000000008a300000, 0x000000008a300000| Untracked 

Card table byte_map: [0x000001b19d160000,0x000001b19d550000] _byte_map_base: 0x000001b19cd4d000

Marking Bits (Prev, Next): (CMBitMap*) 0x000001b1855c3490, (CMBitMap*) 0x000001b1855c3458
 Prev Bits: [0x000001b19f8b0000, 0x000001b1a1818000)
 Next Bits: [0x000001b19d940000, 0x000001b19f8a8000)

Polling page: 0x000001b183570000

Metaspace:

Usage:
  Non-class:     22.63 MB capacity,    22.25 MB ( 98%) used,   305.29 KB (  1%) free+waste,    81.88 KB ( <1%) overhead. 
      Class:      3.36 MB capacity,     3.08 MB ( 92%) used,   249.23 KB (  7%) free+waste,    41.25 KB (  1%) overhead. 
       Both:     25.99 MB capacity,    25.32 MB ( 97%) used,   554.52 KB (  2%) free+waste,   123.13 KB ( <1%) overhead. 

Virtual space:
  Non-class space:       36.00 MB reserved,      22.67 MB ( 63%) committed 
      Class space:        1.00 GB reserved,       3.38 MB ( <1%) committed 
             Both:        1.04 GB reserved,      26.05 MB (  2%) committed 

Chunk freelists:
   Non-Class:  6.00 KB
       Class:  1.88 KB
        Both:  7.88 KB

CodeHeap 'non-profiled nmethods': size=238336Kb used=3148Kb max_used=3148Kb free=235187Kb
 bounds [0x000001b18e170000, 0x000001b18e490000, 0x000001b19ca30000]
CodeHeap 'non-nmethods': size=7424Kb used=1136Kb max_used=1136Kb free=6287Kb
 bounds [0x000001b18da30000, 0x000001b18dca0000, 0x000001b18e170000]
 total_blobs=2683 nmethods=2224 adapters=385
 compilation: enabled
              stopped_count=0, restarted_count=0
 full_count=0

Compilation events (10 events):
Event: 2.338 Thread 0x000001b1a4296000 2220   !   1       java.util.concurrent.ConcurrentHashMap::initTable (112 bytes)
Event: 2.338 Thread 0x000001b1a4296000 nmethod 2220 0x000001b18e481e90 code [0x000001b18e482040, 0x000001b18e482308]
Event: 2.341 Thread 0x000001b1a4296000 2221       1       org.springframework.core.annotation.AnnotationsScanner::getDeclaredAnnotation (55 bytes)
Event: 2.341 Thread 0x000001b1a4296000 nmethod 2221 0x000001b18e482490 code [0x000001b18e482640, 0x000001b18e4827b8]
Event: 2.341 Thread 0x000001b1a4296000 2222       1       java.nio.ByteBuffer::limit (6 bytes)
Event: 2.342 Thread 0x000001b1a4296000 nmethod 2222 0x000001b18e482910 code [0x000001b18e482ac0, 0x000001b18e482ba8]
Event: 2.342 Thread 0x000001b1a4296000 2223       1       jdk.internal.reflect.AccessorGenerator::sub (5 bytes)
Event: 2.342 Thread 0x000001b1a4296000 nmethod 2223 0x000001b18e482c10 code [0x000001b18e482da0, 0x000001b18e482e38]
Event: 2.342 Thread 0x000001b1a4296000 2224       1       java.lang.Character::isJavaIdentifierPart (5 bytes)
Event: 2.342 Thread 0x000001b1a4296000 nmethod 2224 0x000001b18e482e90 code [0x000001b18e483040, 0x000001b18e483118]

GC Heap History (10 events):
Event: 1.422 GC heap before
{Heap before GC invocations=0 (full 0):
 garbage-first heap   total 129024K, used 24576K [0x0000000082600000, 0x0000000100000000)
  region size 1024K, 24 young (24576K), 0 survivors (0K)
 Metaspace       used 13984K, capacity 14329K, committed 14464K, reserved 1062912K
  class space    used 1459K, capacity 1590K, committed 1664K, reserved 1048576K
}
Event: 1.429 GC heap after
{Heap after GC invocations=1 (full 0):
 garbage-first heap   total 129024K, used 7343K [0x0000000082600000, 0x0000000100000000)
  region size 1024K, 3 young (3072K), 3 survivors (3072K)
 Metaspace       used 13984K, capacity 14329K, committed 14464K, reserved 1062912K
  class space    used 1459K, capacity 1590K, committed 1664K, reserved 1048576K
}
Event: 1.671 GC heap before
{Heap before GC invocations=1 (full 0):
 garbage-first heap   total 129024K, used 64687K [0x0000000082600000, 0x0000000100000000)
  region size 1024K, 60 young (61440K), 3 survivors (3072K)
 Metaspace       used 16357K, capacity 16824K, committed 17152K, reserved 1064960K
  class space    used 1773K, capacity 1960K, committed 2048K, reserved 1048576K
}
Event: 1.675 GC heap after
{Heap after GC invocations=2 (full 0):
 garbage-first heap   total 129024K, used 8251K [0x0000000082600000, 0x0000000100000000)
  region size 1024K, 4 young (4096K), 4 survivors (4096K)
 Metaspace       used 16357K, capacity 16824K, committed 17152K, reserved 1064960K
  class space    used 1773K, capacity 1960K, committed 2048K, reserved 1048576K
}
Event: 2.068 GC heap before
{Heap before GC invocations=2 (full 0):
 garbage-first heap   total 129024K, used 37947K [0x0000000082600000, 0x0000000100000000)
  region size 1024K, 35 young (35840K), 4 survivors (4096K)
 Metaspace       used 20589K, capacity 21156K, committed 21296K, reserved 1069056K
  class space    used 2390K, capacity 2646K, committed 2688K, reserved 1048576K
}
Event: 2.072 GC heap after
{Heap after GC invocations=3 (full 0):
 garbage-first heap   total 129024K, used 9494K [0x0000000082600000, 0x0000000100000000)
  region size 1024K, 6 young (6144K), 6 survivors (6144K)
 Metaspace       used 20589K, capacity 21156K, committed 21296K, reserved 1069056K
  class space    used 2390K, capacity 2646K, committed 2688K, reserved 1048576K
}
Event: 2.252 GC heap before
{Heap before GC invocations=4 (full 0):
 garbage-first heap   total 129024K, used 68886K [0x0000000082600000, 0x0000000100000000)
  region size 1024K, 65 young (66560K), 6 survivors (6144K)
 Metaspace       used 24040K, capacity 24688K, committed 25008K, reserved 1071104K
  class space    used 2949K, capacity 3223K, committed 3328K, reserved 1048576K
}
Event: 2.257 GC heap after
{Heap after GC invocations=5 (full 0):
 garbage-first heap   total 129024K, used 10994K [0x0000000082600000, 0x0000000100000000)
  region size 1024K, 4 young (4096K), 4 survivors (4096K)
 Metaspace       used 24040K, capacity 24688K, committed 25008K, reserved 1071104K
  class space    used 2949K, capacity 3223K, committed 3328K, reserved 1048576K
}
Event: 2.342 GC heap before
{Heap before GC invocations=5 (full 0):
 garbage-first heap   total 129024K, used 41714K [0x0000000082600000, 0x0000000100000000)
  region size 1024K, 36 young (36864K), 4 survivors (4096K)
 Metaspace       used 25931K, capacity 26609K, committed 26672K, reserved 1083392K
  class space    used 3150K, capacity 3441K, committed 3456K, reserved 1048576K
}
Event: 2.347 GC heap after
{Heap after GC invocations=6 (full 0):
 garbage-first heap   total 129024K, used 11573K [0x0000000082600000, 0x0000000100000000)
  region size 1024K, 5 young (5120K), 5 survivors (5120K)
 Metaspace       used 25931K, capacity 26609K, committed 26672K, reserved 1083392K
  class space    used 3150K, capacity 3441K, committed 3456K, reserved 1048576K
}

Deoptimization events (0 events):
No events

Classes redefined (0 events):
No events

Internal exceptions (10 events):
Event: 2.173 Thread 0x000001b1a5771000 Exception <a 'java/lang/ClassNotFoundException'{0x0000000088d34c48}: org/springframework/beans/factory/AwareCustomizer> (0x0000000088d34c48) thrown at [./open/src/hotspot/share/classfile/systemDictionary.cpp, line 228]
Event: 2.174 Thread 0x000001b1a5771000 Exception <a 'java/lang/ClassNotFoundException'{0x0000000088d490b0}: org/springframework/beans/factory/BeanClassLoaderAwareCustomizer> (0x0000000088d490b0) thrown at [./open/src/hotspot/share/classfile/systemDictionary.cpp, line 228]
Event: 2.174 Thread 0x000001b1a5771000 Exception <a 'java/lang/ClassNotFoundException'{0x0000000088df3628}: org/springframework/beans/factory/AwareCustomizer> (0x0000000088df3628) thrown at [./open/src/hotspot/share/classfile/systemDictionary.cpp, line 228]
Event: 2.175 Thread 0x000001b1a5771000 Exception <a 'java/lang/ClassNotFoundException'{0x0000000088c069c8}: org/springframework/context/EnvironmentAwareCustomizer> (0x0000000088c069c8) thrown at [./open/src/hotspot/share/classfile/systemDictionary.cpp, line 228]
Event: 2.175 Thread 0x000001b1a5771000 Exception <a 'java/lang/ClassNotFoundException'{0x0000000088c19ab0}: org/springframework/beans/factory/AwareCustomizer> (0x0000000088c19ab0) thrown at [./open/src/hotspot/share/classfile/systemDictionary.cpp, line 228]
Event: 2.287 Thread 0x000001b1a62ba000 Exception <a 'java/lang/NoSuchMethodError'{0x0000000088e3dde8}: java.lang.invoke.DirectMethodHandle$Holder.invokeStaticInit(Ljava/lang/Object;Ljava/lang/Object;Ljava/lang/Object;Ljava/lang/Object;Ljava/lang/Object;)Ljava/lang/Object;> (0x0000000088e3dde8)
Event: 2.292 Thread 0x000001b1a62ba000 Exception <a 'java/lang/NoSuchMethodError'{0x0000000088d96c08}: java.lang.invoke.DirectMethodHandle$Holder.invokeSpecial(Ljava/lang/Object;Ljava/lang/Object;IILjava/lang/Object;Ljava/lang/Object;Ljava/lang/Object;)Ljava/lang/Object;> (0x0000000088d96c08) 
Event: 2.292 Thread 0x000001b1a62ba000 Exception <a 'java/lang/NoSuchMethodError'{0x0000000088d9a190}: java.lang.invoke.DelegatingMethodHandle$Holder.reinvoke_L(Ljava/lang/Object;IILjava/lang/Object;Ljava/lang/Object;Ljava/lang/Object;)Ljava/lang/Object;> (0x0000000088d9a190) thrown at [./open
Event: 2.293 Thread 0x000001b1a62ba000 Exception <a 'java/lang/NoSuchMethodError'{0x0000000088d9e070}: java.lang.invoke.DirectMethodHandle$Holder.invokeStatic(Ljava/lang/Object;Ljava/lang/Object;Ljava/lang/Object;Ljava/lang/Object;I)Ljava/lang/Object;> (0x0000000088d9e070) thrown at [./open/sr
Event: 2.335 Thread 0x000001b1a5771000 Exception <a 'java/lang/IncompatibleClassChangeError'{0x00000000887ed3f0}: Found class java.lang.Object, but interface was expected> (0x00000000887ed3f0) thrown at [./open/src/hotspot/share/interpreter/linkResolver.cpp, line 838]

Events (10 events):
Event: 2.341 loading class com/fasterxml/jackson/core/io/JsonStringEncoder done
Event: 2.341 loading class org/springframework/boot/devtools/restart/ConditionalOnInitializedRestarter
Event: 2.341 loading class org/springframework/boot/devtools/restart/ConditionalOnInitializedRestarter done
Event: 2.342 loading class com/fasterxml/jackson/core/io/CharTypes
Event: 2.342 loading class com/fasterxml/jackson/core/io/CharTypes done
Event: 2.342 loading class org/springframework/boot/devtools/restart/OnInitializedRestarterCondition
Event: 2.342 loading class org/springframework/boot/devtools/restart/OnInitializedRestarterCondition done
Event: 2.342 loading class com/fasterxml/jackson/core/sym/CharsToNameCanonicalizer
Event: 2.342 loading class com/fasterxml/jackson/core/sym/CharsToNameCanonicalizer done
Event: 2.342 Executing VM operation: CollectForMetadataAllocation


Dynamic libraries:
0x00007ff6516b0000 - 0x00007ff6516bf000 	C:\Program Files\Java\jdk-11.0.11\bin\java.exe
0x00007ffd42530000 - 0x00007ffd42725000 	C:\WINDOWS\SYSTEM32\ntdll.dll
0x00007ffd40dc0000 - 0x00007ffd40e7e000 	C:\WINDOWS\System32\KERNEL32.DLL
0x00007ffd402a0000 - 0x00007ffd40568000 	C:\WINDOWS\System32\KERNELBASE.dll
0x00007ffd40090000 - 0x00007ffd40190000 	C:\WINDOWS\System32\ucrtbase.dll
0x00007ffd1a430000 - 0x00007ffd1a445000 	C:\Program Files\Java\jdk-11.0.11\bin\VCRUNTIME140.dll
0x00007ffd1a410000 - 0x00007ffd1a428000 	C:\Program Files\Java\jdk-11.0.11\bin\jli.dll
0x00007ffd40e80000 - 0x00007ffd40f2c000 	C:\WINDOWS\System32\ADVAPI32.dll
0x00007ffd40570000 - 0x00007ffd4060e000 	C:\WINDOWS\System32\msvcrt.dll
0x00007ffd41df0000 - 0x00007ffd41e8b000 	C:\WINDOWS\System32\sechost.dll
0x00007ffd42260000 - 0x00007ffd4238a000 	C:\WINDOWS\System32\RPCRT4.dll
0x00007ffd41e90000 - 0x00007ffd42031000 	C:\WINDOWS\System32\USER32.dll
0x00007ffd40060000 - 0x00007ffd40082000 	C:\WINDOWS\System32\win32u.dll
0x00007ffd40f30000 - 0x00007ffd40f5b000 	C:\WINDOWS\System32\GDI32.dll
0x00007ffd40190000 - 0x00007ffd4029d000 	C:\WINDOWS\System32\gdi32full.dll
0x00007ffd24860000 - 0x00007ffd24afa000 	C:\WINDOWS\WinSxS\amd64_microsoft.windows.common-controls_6595b64144ccf1df_6.0.19041.1110_none_60b5254171f9507e\COMCTL32.dll
0x00007ffd3fe10000 - 0x00007ffd3fead000 	C:\WINDOWS\System32\msvcp_win.dll
0x00007ffd32100000 - 0x00007ffd3210a000 	C:\WINDOWS\SYSTEM32\VERSION.dll
0x00007ffd41dc0000 - 0x00007ffd41df0000 	C:\WINDOWS\System32\IMM32.DLL
0x00007ffd13070000 - 0x00007ffd1310b000 	C:\Program Files\Java\jdk-11.0.11\bin\msvcp140.dll
0x00007ffcf9ab0000 - 0x00007ffcfa5ae000 	C:\Program Files\Java\jdk-11.0.11\bin\server\jvm.dll
0x00007ffd40fc0000 - 0x00007ffd40fc8000 	C:\WINDOWS\System32\PSAPI.DLL
0x00007ffd30e10000 - 0x00007ffd30e19000 	C:\WINDOWS\SYSTEM32\WSOCK32.dll
0x00007ffd318a0000 - 0x00007ffd318c7000 	C:\WINDOWS\SYSTEM32\WINMM.dll
0x00007ffd42480000 - 0x00007ffd424eb000 	C:\WINDOWS\System32\WS2_32.dll
0x00007ffd3daf0000 - 0x00007ffd3db02000 	C:\WINDOWS\SYSTEM32\kernel.appcore.dll
0x00007ffd39150000 - 0x00007ffd39160000 	C:\Program Files\Java\jdk-11.0.11\bin\verify.dll
0x00007ffd22670000 - 0x00007ffd22854000 	C:\WINDOWS\SYSTEM32\DBGHELP.DLL
0x00007ffd22640000 - 0x00007ffd2266c000 	C:\WINDOWS\SYSTEM32\dbgcore.DLL
0x00007ffd3fcd0000 - 0x00007ffd3fd52000 	C:\WINDOWS\System32\bcryptPrimitives.dll
0x00007ffd16a70000 - 0x00007ffd16a98000 	C:\Program Files\Java\jdk-11.0.11\bin\java.dll
0x00007ffd27540000 - 0x00007ffd2754a000 	C:\Program Files\Java\jdk-11.0.11\bin\jimage.dll
0x00007ffd223e0000 - 0x00007ffd223ee000 	C:\Program Files\Java\jdk-11.0.11\bin\instrument.dll
0x00007ffd17050000 - 0x00007ffd17066000 	C:\Program Files\Java\jdk-11.0.11\bin\zip.dll
0x00007ffd40610000 - 0x00007ffd40d54000 	C:\WINDOWS\System32\SHELL32.dll
0x00007ffd3dcf0000 - 0x00007ffd3e484000 	C:\WINDOWS\SYSTEM32\windows.storage.dll
0x00007ffd41890000 - 0x00007ffd41be5000 	C:\WINDOWS\System32\combase.dll
0x00007ffd3f5b0000 - 0x00007ffd3f5de000 	C:\WINDOWS\SYSTEM32\Wldp.dll
0x00007ffd41630000 - 0x00007ffd416dd000 	C:\WINDOWS\System32\SHCORE.dll
0x00007ffd41c00000 - 0x00007ffd41c55000 	C:\WINDOWS\System32\shlwapi.dll
0x00007ffd3fb80000 - 0x00007ffd3fb9f000 	C:\WINDOWS\SYSTEM32\profapi.dll
0x00007ffd155d0000 - 0x00007ffd155e9000 	C:\Program Files\Java\jdk-11.0.11\bin\net.dll
0x00007ffd32fc0000 - 0x00007ffd330cc000 	C:\WINDOWS\SYSTEM32\WINHTTP.dll
0x00007ffd3f390000 - 0x00007ffd3f3fa000 	C:\WINDOWS\system32\mswsock.dll
0x00007ffd15370000 - 0x00007ffd15382000 	C:\Program Files\Java\jdk-11.0.11\bin\nio.dll
0x00007ffd17440000 - 0x00007ffd1745a000 	C:\Program Files\JetBrains\IntelliJ IDEA 2020.2.2\bin\breakgen64.dll
0x00007ffd3f0a0000 - 0x00007ffd3f16b000 	C:\WINDOWS\SYSTEM32\DNSAPI.dll
0x00007ffd3f050000 - 0x00007ffd3f08b000 	C:\WINDOWS\SYSTEM32\IPHLPAPI.DLL
0x00007ffd420a0000 - 0x00007ffd420a8000 	C:\WINDOWS\System32\NSI.dll
0x00007ffd323c0000 - 0x00007ffd323ca000 	C:\Windows\System32\rasadhlp.dll
0x00007ffd323e0000 - 0x00007ffd3245f000 	C:\WINDOWS\System32\fwpuclnt.dll
0x00007ffd3fc40000 - 0x00007ffd3fc67000 	C:\WINDOWS\System32\bcrypt.dll
0x00007ffd17730000 - 0x00007ffd17739000 	C:\Program Files\Java\jdk-11.0.11\bin\management.dll
0x00007ffd17220000 - 0x00007ffd1722b000 	C:\Program Files\Java\jdk-11.0.11\bin\management_ext.dll
0x00007ffd3f5f0000 - 0x00007ffd3f608000 	C:\WINDOWS\SYSTEM32\CRYPTSP.dll
0x00007ffd3ecc0000 - 0x00007ffd3ecf4000 	C:\WINDOWS\system32\rsaenh.dll
0x00007ffd3fb40000 - 0x00007ffd3fb6e000 	C:\WINDOWS\SYSTEM32\USERENV.dll
0x00007ffd3f520000 - 0x00007ffd3f52c000 	C:\WINDOWS\SYSTEM32\CRYPTBASE.dll
0x00007ffd386c0000 - 0x00007ffd386d7000 	C:\WINDOWS\SYSTEM32\dhcpcsvc6.DLL
0x00007ffd38950000 - 0x00007ffd3896d000 	C:\WINDOWS\SYSTEM32\dhcpcsvc.DLL
0x00007ffd180f0000 - 0x00007ffd18107000 	C:\WINDOWS\system32\napinsp.dll
0x00007ffd180d0000 - 0x00007ffd180eb000 	C:\WINDOWS\system32\pnrpnsp.dll
0x00007ffd3aa60000 - 0x00007ffd3aa75000 	C:\WINDOWS\system32\wshbth.dll
0x00007ffd3b620000 - 0x00007ffd3b63d000 	C:\WINDOWS\system32\NLAapi.dll
0x00007ffd180b0000 - 0x00007ffd180c2000 	C:\WINDOWS\System32\winrnr.dll

dbghelp: loaded successfully - version: 4.0.5 - missing functions: none
symbol engine: initialized successfully - sym options: 0x614 - pdb path: .;C:\Program Files\Java\jdk-11.0.11\bin;C:\WINDOWS\SYSTEM32;C:\WINDOWS\WinSxS\amd64_microsoft.windows.common-controls_6595b64144ccf1df_6.0.19041.1110_none_60b5254171f9507e;C:\Program Files\Java\jdk-11.0.11\bin\server;C:\Program Files\JetBrains\IntelliJ IDEA 2020.2.2\bin

VM Arguments:
jvm_args: -XX:TieredStopAtLevel=1 -Xverify:none -Dspring.output.ansi.enabled=always -Dcom.sun.management.jmxremote -Dspring.jmx.enabled=true -Dspring.liveBeansView.mbeanDomain -Dspring.application.admin.enabled=true -javaagent:C:\Program Files\JetBrains\IntelliJ IDEA 2020.2.2\lib\idea_rt.jar=60309:C:\Program Files\JetBrains\IntelliJ IDEA 2020.2.2\bin -Dfile.encoding=UTF-8 
java_command: rs.raf.nwpDom3.NwpDom3Application
java_class_path (initial): D:\nwpDom3\target\classes;C:\Users\Dusan\.m2\repository\mysql\mysql-connector-java\8.0.27\mysql-connector-java-8.0.27.jar;C:\Users\Dusan\.m2\repository\org\springframework\boot\spring-boot-starter-data-jpa\2.6.2\spring-boot-starter-data-jpa-2.6.2.jar;C:\Users\Dusan\.m2\repository\org\springframework\boot\spring-boot-starter-aop\2.6.2\spring-boot-starter-aop-2.6.2.jar;C:\Users\Dusan\.m2\repository\org\aspectj\aspectjweaver\1.9.7\aspectjweaver-1.9.7.jar;C:\Users\Dusan\.m2\repository\org\springframework\boot\spring-boot-starter-jdbc\2.6.2\spring-boot-starter-jdbc-2.6.2.jar;C:\Users\Dusan\.m2\repository\com\zaxxer\HikariCP\4.0.3\HikariCP-4.0.3.jar;C:\Users\Dusan\.m2\repository\org\springframework\spring-jdbc\5.3.14\spring-jdbc-5.3.14.jar;C:\Users\Dusan\.m2\repository\jakarta\transaction\jakarta.transaction-api\1.3.3\jakarta.transaction-api-1.3.3.jar;C:\Users\Dusan\.m2\repository\jakarta\persistence\jakarta.persistence-api\2.2.3\jakarta.persistence-api-2.2.3.jar;C:\Users\Dusan\.m2\repository\org\hibernate\hibernate-core\5.6.3.Final\hibernate-core-5.6.3.Final.jar;C:\Users\Dusan\.m2\repository\org\jboss\logging\jboss-logging\3.4.2.Final\jboss-logging-3.4.2.Final.jar;C:\Users\Dusan\.m2\repository\net\bytebuddy\byte-buddy\1.11.22\byte-buddy-1.11.22.jar;C:\Users\Dusan\.m2\repository\antlr\antlr\2.7.7\antlr-2.7.7.jar;C:\Users\Dusan\.m2\repository\org\jboss\jandex\2.2.3.Final\jandex-2.2.3.Final.jar;C:\Users\Dusan\.m2\repository\com\fasterxml\classmate\1.5.1\classmate-1.5.1.jar;C:\Users\Dusan\.m2\repository\org\hibernate\common\hibernate-commons-annotations\5.1.2.Final\hibernate-commons-annotations-5.1.2.Final.jar;C:\Users\Dusan\.m2\repository\org\glassfish\jaxb\jaxb-runtime\2.3.5\jaxb-runtime-2.3.5.jar;C:\Users\Dusan\.m2\repository\org\glassfish\jaxb\txw2\2.3.5\txw2-2.3.5.jar;C:\Users\Dusan\.m2\repository\com\sun\istack\istack-commons-runtime\3.0.12\istack-commons-runtime-3.0.12.jar;C:\Users\Dusan\.m2\repository\com\sun\activation\jakarta.activation
Launcher Type: SUN_STANDARD

[Global flags]
     bool BytecodeVerificationLocal                = false                                     {product} {command line}
     bool BytecodeVerificationRemote               = false                                     {product} {command line}
     intx CICompilerCount                          = 4                                         {product} {ergonomic}
     uint ConcGCThreads                            = 2                                         {product} {ergonomic}
     uint G1ConcRefinementThreads                  = 8                                         {product} {ergonomic}
   size_t G1HeapRegionSize                         = 1048576                                   {product} {ergonomic}
    uintx GCDrainStackTargetSize                   = 64                                        {product} {ergonomic}
   size_t InitialHeapSize                          = 132120576                                 {product} {ergonomic}
     bool ManagementServer                         = true                                      {product} {command line}
   size_t MarkStackSize                            = 4194304                                   {product} {ergonomic}
   size_t MaxHeapSize                              = 2107637760                                {product} {ergonomic}
   size_t MaxNewSize                               = 1264582656                                {product} {ergonomic}
   size_t MinHeapDeltaBytes                        = 1048576                                   {product} {ergonomic}
    uintx NonNMethodCodeHeapSize                   = 7549744                                {pd product} {ergonomic}
    uintx NonProfiledCodeHeapSize                  = 244108496                              {pd product} {ergonomic}
    uintx ProfiledCodeHeapSize                     = 0                                      {pd product} {ergonomic}
    uintx ReservedCodeCacheSize                    = 251658240                              {pd product} {ergonomic}
     bool SegmentedCodeCache                       = true                                      {product} {ergonomic}
     intx TieredStopAtLevel                        = 1                                         {product} {command line}
     bool UseCompressedClassPointers               = true                                 {lp64_product} {ergonomic}
     bool UseCompressedOops                        = true                                 {lp64_product} {ergonomic}
     bool UseG1GC                                  = true                                      {product} {ergonomic}
     bool UseLargePagesIndividualAllocation        = false                                  {pd product} {ergonomic}

Logging:
Log output configuration:
 #0: stdout all=warning uptime,level,tags
 #1: stderr all=off uptime,level,tags

Environment Variables:
PATH=C:\Program Files\Common Files\Oracle\Java\javapath;C:\Program Files (x86)\Common Files\Oracle\Java\javapath;C:\Windows\system32;C:\Windows;C:\Windows\System32\Wbem;C:\Windows\System32\WindowsPowerShell\v1.0\;C:\Windows\System32\OpenSSH\;C:\Program Files (x86)\NVIDIA Corporation\PhysX\Common;C:\Program Files\NVIDIA Corporation\NVIDIA NvDLISR;C:\Program Files\Git\cmd;C:\Program Files\PuTTY\;C:\Program Files\TortoiseGit\bin;C:\WINDOWS\system32;C:\WINDOWS;C:\WINDOWS\System32\Wbem;C:\WINDOWS\System32\WindowsPowerShell\v1.0\;C:\WINDOWS\System32\OpenSSH\;C:\Program Files (x86)\Microsoft SQL Server\110\Tools\Binn\ManagementStudio\;C:\Program Files (x86)\Microsoft SQL Server\110\Tools\Binn\;C:\Program Files (x86)\Microsoft SQL Server\110\DTS\Binn\;C:\Program Files\nodejs\;C:\Program Files\dotnet\;C:\Program Files (x86)\dotnet\;C:\Program Files\Docker\Docker\resources\bin;C:\ProgramData\DockerDesktop\version-bin;C:\Program Files\MySQL\MySQL Shell 8.0\bin\;C:\Users\Dusan\AppData\Local\Microsoft\WindowsApps;C:\Users\Dusan\AppData\Local\Microsoft\WindowsApps;C:\Users\Dusan\AppData\Roaming\npm;C:\Users\Dusan\AppData\Local\Programs\Microsoft VS Code\bin;C:\Users\Dusan\.dotnet\tools;C:\ffmpeg;
USERNAME=Dusan
OS=Windows_NT
PROCESSOR_IDENTIFIER=Intel64 Family 6 Model 158 Stepping 10, GenuineIntel



---------------  S Y S T E M  ---------------

OS: Windows 10 , 64 bit Build 19041 (10.0.19041.1348)
Hyper-V role detected

CPU:total 8 (initial active 8) (4 cores per cpu, 2 threads per core) family 6 model 158 stepping 10 microcode 0xb4, cmov, cx8, fxsr, mmx, sse, sse2, sse3, ssse3, sse4.1, sse4.2, popcnt, avx, avx2, aes, clmul, erms, 3dnowpref, lzcnt, ht, tsc, tscinvbit, bmi1, bmi2, adx, fma

Memory: 4k page, system-wide physical 8034M (561M free)
TotalPageFile size 15034M (AvailPageFile size 0M)
current process WorkingSet (physical memory assigned to process): 146M, peak: 146M
current process commit charge ("private bytes"): 238M, peak: 238M

vm_info: Java HotSpot(TM) 64-Bit Server VM (11.0.11+9-LTS-194) for windows-amd64 JRE (11.0.11+9-LTS-194), built on Mar 18 2021 18:46:53 by "mach5one" with MS VC++ 15.9 (VS2017)

END.
